#
# A fatal error has been detected by the Java Runtime Environment:
#
#  EXCEPTION_UNCAUGHT_CXX_EXCEPTION (0xe06d7363) at pc=0x00007ffb00eda388, pid=3320, tid=0x0000000000002820
#
# JRE version: Java(TM) SE Runtime Environment (8.0_141-b15) (build 1.8.0_141-b15)
# Java VM: Java HotSpot(TM) 64-Bit Server VM (25.141-b15 mixed mode windows-amd64 compressed oops)
# Problematic frame:
# C  [KERNELBASE.dll+0x3a388]
#
# Failed to write core dump. Minidumps are not enabled by default on client versions of Windows
#
# If you would like to submit a bug report, please visit:
#   http://bugreport.java.com/bugreport/crash.jsp
# The crash happened outside the Java Virtual Machine in native code.
# See problematic frame for where to report the bug.
#

---------------  T H R E A D  ---------------

Current thread (0x000000001e14c800):  JavaThread "JDWP Transport Listener: dt_socket" daemon [_thread_in_native, id=10272, stack(0x000000001f9e0000,0x000000001fae0000)]

siginfo: ExceptionCode=0xe06d7363, ExceptionInformation=0x0000000019930520 0x000000001fadc900 0x00007ffaf517d5d8 0x00007ffaf50a0000 

Registers:
RAX=0x0000000000000000, RBX=0x000000001fadc180, RCX=0x0000000000000000, RDX=0x0000000000000000
RSP=0x000000001fada2b0, RBP=0x000000001fada950, RSI=0x000000001fadc7b0, RDI=0x000000001fadb0b0
R8 =0x0000000000000000, R9 =0x0000000000000000, R10=0x000000001c13be68, R11=0x0000000000000000
R12=0x000000001fadb708, R13=0x0000000000000000, R14=0x000000001fada400, R15=0x00007ffaf514781e
RIP=0x00007ffb00eda388, EFLAGS=0x0000000000000206

Top of Stack: (sp=0x000000001fada2b0)
0x000000001fada2b0:   00007ffaf514781e 000000001fadc180
0x000000001fada2c0:   000000001fadc7b0 000000001fadb0b0
0x000000001fada2d0:   00000001e06d7363 0000000000000000
0x000000001fada2e0:   00007ffb00eda388 0000000000000004
0x000000001fada2f0:   0000000019930520 000000001fadc900
0x000000001fada300:   00007ffaf517d5d8 00007ffaf50a0000
0x000000001fada310:   0000c208b8ff0bf0 00007ffaf514785d
0x000000001fada320:   0000000000000000 00007ffaf5131dd6
0x000000001fada330:   0000000000000008 0000000000000000
0x000000001fada340:   0000000000000000 000000001fada950
0x000000001fada350:   000000001fadb0b0 00007ffaf5131def
0x000000001fada360:   000000001fadc180 000000001fadef30
0x000000001fada370:   0000d3c1b6867016 0000000000000000
0x000000001fada380:   000000001fadc180 00007ffaf512eafe
0x000000001fada390:   00007ffaf514781e 000000001fadb708
0x000000001fada3a0:   0000000000000100 0000000000000000 

Instructions: (pc=0x00007ffb00eda388)
0x00007ffb00eda368:   49 8b d1 44 0f 47 c0 44 89 44 24 38 49 c1 e0 03
0x00007ffb00eda378:   e8 da 3d 04 00 48 8d 4c 24 20 ff 15 a0 82 14 00
0x00007ffb00eda388:   48 8b 8c 24 c0 00 00 00 48 33 cc e8 08 fe 03 00
0x00007ffb00eda398:   48 81 c4 d8 00 00 00 c3 83 64 24 38 00 eb d6 cc 


Register to memory mapping:

RAX=0x0000000000000000 is an unknown value
RBX=0x000000001fadc180 is pointing into the stack for thread: 0x000000001e14c800
RCX=0x0000000000000000 is an unknown value
RDX=0x0000000000000000 is an unknown value
RSP=0x000000001fada2b0 is pointing into the stack for thread: 0x000000001e14c800
RBP=0x000000001fada950 is pointing into the stack for thread: 0x000000001e14c800
RSI=0x000000001fadc7b0 is pointing into the stack for thread: 0x000000001e14c800
RDI=0x000000001fadb0b0 is pointing into the stack for thread: 0x000000001e14c800
R8 =0x0000000000000000 is an unknown value
R9 =0x0000000000000000 is an unknown value
R10=0x000000001c13be68 is pointing into metadata
R11=0x0000000000000000 is an unknown value
R12=0x000000001fadb708 is pointing into the stack for thread: 0x000000001e14c800
R13=0x0000000000000000 is an unknown value
R14=0x000000001fada400 is pointing into the stack for thread: 0x000000001e14c800
R15=0x00007ffaf514781e is an unknown value


Stack: [0x000000001f9e0000,0x000000001fae0000],  sp=0x000000001fada2b0,  free space=1000k
Native frames: (J=compiled Java code, j=interpreted, Vv=VM code, C=native code)
C  [KERNELBASE.dll+0x3a388]
C  [uu_lsp64.dll+0x8eafe]
C  [ntdll.dll+0x9e273]
C  [uu_lsp64.dll+0xa77c7]
C  [uu_lsp64.dll+0x9bf80]
C  [uu_lsp64.dll+0x8ea8b]
C  [ntdll.dll+0x9e273]
C  [uu_lsp64.dll+0x31ce]
C  [uu_lsp64.dll+0x4afa]
C  [uu_lsp64.dll+0x2f363]
C  [uu_lsp64.dll+0x2f4cc]
C  [uu_lsp64.dll+0x8aecb]
C  [ntdll.dll+0x34023]
C  [ntdll.dll+0x409d5]
C  [ntdll.dll+0x40898]
C  [KERNEL32.DLL+0x1b19a]
C  [msvcr100.dll+0x20ccd]
C  [jdwp.dll+0xc8b9]
C  [jdwp.dll+0xa2ea]
C  [jdwp.dll+0xf168]
C  [jdwp.dll+0x1f395]
C  [jdwp.dll+0x1f56a]
V  [jvm.dll+0x1bd948]
V  [jvm.dll+0x24524f]
V  [jvm.dll+0x29ca6a]
C  [msvcr100.dll+0x21d9f]
C  [msvcr100.dll+0x21e3b]
C  [KERNEL32.DLL+0x13034]
C  [ntdll.dll+0x71431]


---------------  P R O C E S S  ---------------

Java Threads: ( => current thread )
  0x00000000215ad800 JavaThread "DubboResponseTimeoutScanTimer" daemon [_thread_blocked, id=16824, stack(0x000000002e680000,0x000000002e780000)]
  0x00000000215b2000 JavaThread "DubboServerHandler-10.254.2.134:20884-thread-29" daemon [_thread_blocked, id=10560, stack(0x000000002e580000,0x000000002e680000)]
  0x00000000215ae800 JavaThread "DubboServerHandler-10.254.2.134:20884-thread-28" daemon [_thread_blocked, id=13544, stack(0x000000002e480000,0x000000002e580000)]
  0x00000000215b3000 JavaThread "DubboServerHandler-10.254.2.134:20884-thread-27" daemon [_thread_blocked, id=14680, stack(0x000000002e380000,0x000000002e480000)]
  0x00000000215ac000 JavaThread "DubboServerHandler-10.254.2.134:20884-thread-26" daemon [_thread_blocked, id=1500, stack(0x000000002e280000,0x000000002e380000)]
  0x00000000215b1800 JavaThread "DubboServerHandler-10.254.2.134:20884-thread-25" daemon [_thread_blocked, id=12624, stack(0x000000002e180000,0x000000002e280000)]
  0x00000000215b0000 JavaThread "DubboServerHandler-10.254.2.134:20884-thread-24" daemon [_thread_blocked, id=12872, stack(0x000000002e080000,0x000000002e180000)]
  0x0000000021855800 JavaThread "DubboServerHandler-10.254.2.134:20884-thread-23" daemon [_thread_blocked, id=10304, stack(0x000000002df80000,0x000000002e080000)]
  0x0000000021854800 JavaThread "DubboServerHandler-10.254.2.134:20884-thread-22" daemon [_thread_blocked, id=8000, stack(0x000000002de80000,0x000000002df80000)]
  0x0000000021859000 JavaThread "DubboServerHandler-10.254.2.134:20884-thread-21" daemon [_thread_blocked, id=4064, stack(0x000000002dd80000,0x000000002de80000)]
  0x0000000021858800 JavaThread "DubboServerHandler-10.254.2.134:20884-thread-20" daemon [_thread_blocked, id=8636, stack(0x000000002dc80000,0x000000002dd80000)]
  0x000000002185a000 JavaThread "DubboServerHandler-10.254.2.134:20884-thread-19" daemon [_thread_blocked, id=11416, stack(0x000000002db80000,0x000000002dc80000)]
  0x0000000021853000 JavaThread "DubboServerHandler-10.254.2.134:20884-thread-18" daemon [_thread_blocked, id=5544, stack(0x000000002da80000,0x000000002db80000)]
  0x0000000021857000 JavaThread "DubboServerHandler-10.254.2.134:20884-thread-17" daemon [_thread_blocked, id=15072, stack(0x000000002d980000,0x000000002da80000)]
  0x0000000021857800 JavaThread "DubboServerHandler-10.254.2.134:20884-thread-16" daemon [_thread_blocked, id=13776, stack(0x000000002d880000,0x000000002d980000)]
  0x0000000021854000 JavaThread "DubboServerHandler-10.254.2.134:20884-thread-15" daemon [_thread_blocked, id=1220, stack(0x000000002d780000,0x000000002d880000)]
  0x0000000027715800 JavaThread "DubboServerHandler-10.254.2.134:20884-thread-14" daemon [_thread_blocked, id=732, stack(0x000000002d680000,0x000000002d780000)]
  0x0000000027d06800 JavaThread "DubboServerHandler-10.254.2.134:20884-thread-13" daemon [_thread_blocked, id=2696, stack(0x000000002d580000,0x000000002d680000)]
  0x0000000027d04800 JavaThread "DubboServerHandler-10.254.2.134:20884-thread-12" daemon [_thread_blocked, id=13060, stack(0x000000002d480000,0x000000002d580000)]
  0x0000000027d06000 JavaThread "DubboServerHandler-10.254.2.134:20884-thread-11" daemon [_thread_blocked, id=8696, stack(0x000000002d380000,0x000000002d480000)]
  0x0000000027d03800 JavaThread "DubboServerHandler-10.254.2.134:20884-thread-10" daemon [_thread_blocked, id=13652, stack(0x000000002d280000,0x000000002d380000)]
  0x0000000027d07800 JavaThread "DubboServerHandler-10.254.2.134:20884-thread-9" daemon [_thread_blocked, id=1244, stack(0x000000002d180000,0x000000002d280000)]
  0x0000000027d05000 JavaThread "DubboServerHandler-10.254.2.134:20884-thread-8" daemon [_thread_blocked, id=4656, stack(0x000000002d080000,0x000000002d180000)]
  0x0000000027cfc000 JavaThread "DubboServerHandler-10.254.2.134:20884-thread-7" daemon [_thread_blocked, id=12932, stack(0x000000002cf80000,0x000000002d080000)]
  0x0000000027d02000 JavaThread "DubboServerHandler-10.254.2.134:20884-thread-6" daemon [_thread_blocked, id=14964, stack(0x000000002ce80000,0x000000002cf80000)]
  0x0000000027d01800 JavaThread "DubboServerHandler-10.254.2.134:20884-thread-5" daemon [_thread_blocked, id=1568, stack(0x000000002cd80000,0x000000002ce80000)]
  0x0000000027d03000 JavaThread "DubboServerHandler-10.254.2.134:20884-thread-4" daemon [_thread_blocked, id=15108, stack(0x000000002ca80000,0x000000002cb80000)]
  0x0000000027d00800 JavaThread "Druid-ConnectionPool-Destroy-1801298625" daemon [_thread_blocked, id=5080, stack(0x000000002c980000,0x000000002ca80000)]
  0x0000000027cf9000 JavaThread "Druid-ConnectionPool-Create-1801298625" daemon [_thread_blocked, id=1140, stack(0x000000002c880000,0x000000002c980000)]
  0x0000000027d00000 JavaThread "Abandoned connection cleanup thread" daemon [_thread_blocked, id=10960, stack(0x000000002c780000,0x000000002c880000)]
  0x0000000027cfb800 JavaThread "DubboServerHandler-10.254.2.134:20884-thread-3" daemon [_thread_blocked, id=15968, stack(0x000000002c680000,0x000000002c780000)]
  0x0000000027cfe800 JavaThread "New I/O server worker #1-2" daemon [_thread_in_native, id=2652, stack(0x000000002c580000,0x000000002c680000)]
  0x0000000027cf8800 JavaThread "DubboServerHandler-10.254.2.134:20884-thread-2" daemon [_thread_blocked, id=6708, stack(0x000000002c480000,0x000000002c580000)]
  0x0000000027cfd000 JavaThread "New I/O server worker #1-1" daemon [_thread_in_native, id=15604, stack(0x000000002c380000,0x000000002c480000)]
  0x0000000027cff000 JavaThread "DubboServerHandler-10.254.2.134:20884-thread-1" daemon [_thread_blocked, id=4344, stack(0x000000002c280000,0x000000002c380000)]
  0x0000000027cfa800 JavaThread "http-bio-9005-AsyncTimeout" daemon [_thread_blocked, id=2312, stack(0x000000002bd30000,0x000000002be30000)]
  0x0000000027cfd800 JavaThread "http-bio-9005-Acceptor-0" daemon [_thread_in_native, id=10600, stack(0x000000002bc30000,0x000000002bd30000)]
  0x0000000027cfa000 JavaThread "ContainerBackgroundProcessor[StandardEngine[Tomcat]]" daemon [_thread_blocked, id=11672, stack(0x000000002bb30000,0x000000002bc30000)]
  0x0000000027718800 JavaThread "DubboSaveRegistryCache-thread-1" daemon [_thread_blocked, id=3264, stack(0x000000002b830000,0x000000002b930000)]
  0x000000002771a000 JavaThread "DubboFutureCallbackDefault-thread-1" daemon [_thread_blocked, id=10772, stack(0x000000002b730000,0x000000002b830000)]
  0x0000000027717800 JavaThread "DubboZkclientConnector-EventThread" daemon [_thread_blocked, id=1812, stack(0x000000002b530000,0x000000002b630000)]
  0x0000000027719000 JavaThread "DubboZkclientConnector-SendThread(192.168.12.131:2181)" daemon [_thread_in_native, id=4660, stack(0x000000002b430000,0x000000002b530000)]
  0x0000000027717000 JavaThread "ZkClient-EventThread-26-192.168.12.131:2181" daemon [_thread_blocked, id=916, stack(0x000000002b330000,0x000000002b430000)]
  0x0000000027716000 JavaThread "DubboRegistryFailedRetryTimer-thread-1" daemon [_thread_blocked, id=7248, stack(0x000000002b130000,0x000000002b230000)]
  0x000000002771c000 JavaThread "dubbo-remoting-server-heartbeat-thread-1" daemon [_thread_blocked, id=9476, stack(0x000000002b030000,0x000000002b130000)]
  0x000000002771b800 JavaThread "New I/O server boss #1 ([id: 0x31cb9960, /0:0:0:0:0:0:0:0:20884])" daemon [_thread_in_native, id=4200, stack(0x000000002af30000,0x000000002b030000)]
  0x000000002656f000 JavaThread "commons-pool-EvictionTimer" daemon [_thread_blocked, id=4364, stack(0x000000002aa30000,0x000000002ab30000)]
  0x00000000211c7000 JavaThread "Thread-2" daemon [_thread_in_native, id=4948, stack(0x0000000026b40000,0x0000000026c40000)]
  0x000000001e2ba000 JavaThread "Service Thread" daemon [_thread_blocked, id=2884, stack(0x00000000200e0000,0x00000000201e0000)]
  0x000000001e235000 JavaThread "C1 CompilerThread3" daemon [_thread_blocked, id=7640, stack(0x000000001ffe0000,0x00000000200e0000)]
  0x000000001e22d800 JavaThread "C2 CompilerThread2" daemon [_thread_blocked, id=8964, stack(0x000000001fee0000,0x000000001ffe0000)]
  0x000000001e22a800 JavaThread "C2 CompilerThread1" daemon [_thread_blocked, id=16260, stack(0x000000001fde0000,0x000000001fee0000)]
  0x000000001e21f000 JavaThread "C2 CompilerThread0" daemon [_thread_blocked, id=7092, stack(0x000000001fce0000,0x000000001fde0000)]
  0x000000001e1bc800 JavaThread "JDWP Event Helper Thread" daemon [_thread_blocked, id=6112, stack(0x000000001fae0000,0x000000001fbe0000)]
=>0x000000001e14c800 JavaThread "JDWP Transport Listener: dt_socket" daemon [_thread_in_native, id=10272, stack(0x000000001f9e0000,0x000000001fae0000)]
  0x000000001e1a3800 JavaThread "Attach Listener" daemon [_thread_blocked, id=272, stack(0x000000001f5f0000,0x000000001f6f0000)]
  0x000000001e1a2800 JavaThread "Signal Dispatcher" daemon [_thread_blocked, id=2432, stack(0x000000001f4f0000,0x000000001f5f0000)]
  0x000000001e133000 JavaThread "Finalizer" daemon [_thread_blocked, id=11180, stack(0x000000001f390000,0x000000001f490000)]
  0x0000000002dba000 JavaThread "Reference Handler" daemon [_thread_blocked, id=10956, stack(0x000000001f290000,0x000000001f390000)]
  0x00000000005de000 JavaThread "main" [_thread_blocked, id=7784, stack(0x0000000002a20000,0x0000000002b20000)]

Other Threads:
  0x000000001ca66800 VMThread [stack: 0x000000001f190000,0x000000001f290000] [id=14056]
  0x000000001e3a8000 WatcherThread [stack: 0x00000000201e0000,0x00000000202e0000] [id=1988]

VM state:not at safepoint (normal execution)

VM Mutex/Monitor currently owned by a thread: None

Heap:
 PSYoungGen      total 445440K, used 376170K [0x000000076af00000, 0x0000000789400000, 0x00000007c0000000)
  eden space 405504K, 91% used [0x000000076af00000,0x00000007817d73d0,0x0000000783b00000)
  from space 39936K, 16% used [0x0000000786d00000,0x0000000787383570,0x0000000789400000)
  to   space 45568K, 0% used [0x0000000783b00000,0x0000000783b00000,0x0000000786780000)
 ParOldGen       total 196608K, used 49694K [0x00000006c0c00000, 0x00000006ccc00000, 0x000000076af00000)
  object space 196608K, 25% used [0x00000006c0c00000,0x00000006c3c87940,0x00000006ccc00000)
 Metaspace       used 50038K, capacity 51152K, committed 51240K, reserved 1095680K
  class space    used 5644K, capacity 5900K, committed 5936K, reserved 1048576K

Card table byte_map: [0x0000000012180000,0x0000000012980000] byte_map_base: 0x000000000eb7a000

Marking Bits: (ParMarkBitMap*) 0x0000000076d6d850
 Begin Bits: [0x00000000138e0000, 0x00000000178b0000)
 End Bits:   [0x00000000178b0000, 0x000000001b880000)

Polling page: 0x00000000005c0000

CodeCache: size=245760Kb used=25693Kb max_used=25724Kb free=220066Kb
 bounds [0x0000000002dc0000, 0x0000000004710000, 0x0000000011dc0000]
 total_blobs=7478 nmethods=6950 adapters=448
 compilation: enabled

Compilation events (10 events):
Event: 4197.427 Thread 0x000000001e22d800 8316       4       sun.nio.ch.SelectionKeyImpl::readyOps (9 bytes)
Event: 4197.429 Thread 0x000000001e22d800 nmethod 8316 0x0000000003f16c50 code [0x0000000003f16d80, 0x0000000003f16df8]
Event: 4297.431 Thread 0x000000001e22a800 8317       4       java.text.DecimalFormat::append (94 bytes)
Event: 4297.433 Thread 0x000000001e22a800 nmethod 8317 0x00000000034c3e90 code [0x00000000034c3fe0, 0x00000000034c43b8]
Event: 4327.184 Thread 0x000000001e235000 8318       3       org.jboss.netty.util.internal.LinkedTransferQueue::offer (11 bytes)
Event: 4327.184 Thread 0x000000001e235000 nmethod 8318 0x000000000425eed0 code [0x000000000425f040, 0x000000000425f208]
Event: 4327.185 Thread 0x000000001e22d800 8319       4       java.nio.Bits::byteOrder (20 bytes)
Event: 4327.185 Thread 0x000000001e22d800 nmethod 8319 0x000000000364c810 code [0x000000000364c940, 0x000000000364c998]
Event: 4387.632 Thread 0x000000001e22d800 8320       4       java.lang.Thread::getContextClassLoader (32 bytes)
Event: 4387.633 Thread 0x000000001e22d800 nmethod 8320 0x0000000003a9c3d0 code [0x0000000003a9c500, 0x0000000003a9c5b8]

GC Heap History (10 events):
Event: 3.936 GC heap before
{Heap before GC invocations=8 (full 1):
 PSYoungGen      total 209408K, used 209405K [0x000000076af00000, 0x000000077ab80000, 0x00000007c0000000)
  eden space 188928K, 100% used [0x000000076af00000,0x0000000776780000,0x0000000776780000)
  from space 20480K, 99% used [0x0000000778180000,0x000000077957f798,0x0000000779580000)
  to   space 26624K, 0% used [0x0000000776780000,0x0000000776780000,0x0000000778180000)
 ParOldGen       total 119296K, used 29327K [0x00000006c0c00000, 0x00000006c8080000, 0x000000076af00000)
  object space 119296K, 24% used [0x00000006c0c00000,0x00000006c28a3e80,0x00000006c8080000)
 Metaspace       used 24154K, capacity 24696K, committed 25008K, reserved 1071104K
  class space    used 2801K, capacity 2967K, committed 2992K, reserved 1048576K
Event: 3.955 GC heap after
Heap after GC invocations=8 (full 1):
 PSYoungGen      total 215552K, used 26620K [0x000000076af00000, 0x0000000781e00000, 0x00000007c0000000)
  eden space 188928K, 0% used [0x000000076af00000,0x000000076af00000,0x0000000776780000)
  from space 26624K, 99% used [0x0000000776780000,0x000000077817f308,0x0000000778180000)
  to   space 35840K, 0% used [0x000000077fb00000,0x000000077fb00000,0x0000000781e00000)
 ParOldGen       total 119296K, used 39887K [0x00000006c0c00000, 0x00000006c8080000, 0x000000076af00000)
  object space 119296K, 33% used [0x00000006c0c00000,0x00000006c32f3d40,0x00000006c8080000)
 Metaspace       used 24154K, capacity 24696K, committed 25008K, reserved 1071104K
  class space    used 2801K, capacity 2967K, committed 2992K, reserved 1048576K
}
Event: 4.344 GC heap before
{Heap before GC invocations=9 (full 1):
 PSYoungGen      total 215552K, used 215548K [0x000000076af00000, 0x0000000781e00000, 0x00000007c0000000)
  eden space 188928K, 100% used [0x000000076af00000,0x0000000776780000,0x0000000776780000)
  from space 26624K, 99% used [0x0000000776780000,0x000000077817f308,0x0000000778180000)
  to   space 35840K, 0% used [0x000000077fb00000,0x000000077fb00000,0x0000000781e00000)
 ParOldGen       total 119296K, used 39887K [0x00000006c0c00000, 0x00000006c8080000, 0x000000076af00000)
  object space 119296K, 33% used [0x00000006c0c00000,0x00000006c32f3d40,0x00000006c8080000)
 Metaspace       used 24161K, capacity 24696K, committed 25008K, reserved 1071104K
  class space    used 2801K, capacity 2967K, committed 2992K, reserved 1048576K
Event: 4.364 GC heap after
Heap after GC invocations=9 (full 1):
 PSYoungGen      total 333824K, used 35821K [0x000000076af00000, 0x0000000783280000, 0x00000007c0000000)
  eden space 297984K, 0% used [0x000000076af00000,0x000000076af00000,0x000000077d200000)
  from space 35840K, 99% used [0x000000077fb00000,0x0000000781dfb6c0,0x0000000781e00000)
  to   space 41984K, 0% used [0x000000077d200000,0x000000077d200000,0x000000077fb00000)
 ParOldGen       total 119296K, used 41889K [0x00000006c0c00000, 0x00000006c8080000, 0x000000076af00000)
  object space 119296K, 35% used [0x00000006c0c00000,0x00000006c34e86b0,0x00000006c8080000)
 Metaspace       used 24161K, capacity 24696K, committed 25008K, reserved 1071104K
  class space    used 2801K, capacity 2967K, committed 2992K, reserved 1048576K
}
Event: 5.542 GC heap before
{Heap before GC invocations=10 (full 1):
 PSYoungGen      total 333824K, used 299370K [0x000000076af00000, 0x0000000783280000, 0x00000007c0000000)
  eden space 297984K, 88% used [0x000000076af00000,0x000000077b05f2f8,0x000000077d200000)
  from space 35840K, 99% used [0x000000077fb00000,0x0000000781dfb6c0,0x0000000781e00000)
  to   space 41984K, 0% used [0x000000077d200000,0x000000077d200000,0x000000077fb00000)
 ParOldGen       total 119296K, used 41889K [0x00000006c0c00000, 0x00000006c8080000, 0x000000076af00000)
  object space 119296K, 35% used [0x00000006c0c00000,0x00000006c34e86b0,0x00000006c8080000)
 Metaspace       used 34598K, capacity 35188K, committed 35496K, reserved 1081344K
  class space    used 4081K, capacity 4266K, committed 4272K, reserved 1048576K
Event: 5.565 GC heap after
Heap after GC invocations=10 (full 1):
 PSYoungGen      total 339968K, used 33385K [0x000000076af00000, 0x0000000789900000, 0x00000007c0000000)
  eden space 297984K, 0% used [0x000000076af00000,0x000000076af00000,0x000000077d200000)
  from space 41984K, 79% used [0x000000077d200000,0x000000077f29a6b8,0x000000077fb00000)
  to   space 45056K, 0% used [0x0000000786d00000,0x0000000786d00000,0x0000000789900000)
 ParOldGen       total 119296K, used 45163K [0x00000006c0c00000, 0x00000006c8080000, 0x000000076af00000)
  object space 119296K, 37% used [0x00000006c0c00000,0x00000006c381acf8,0x00000006c8080000)
 Metaspace       used 34598K, capacity 35188K, committed 35496K, reserved 1081344K
  class space    used 4081K, capacity 4266K, committed 4272K, reserved 1048576K
}
Event: 5.565 GC heap before
{Heap before GC invocations=11 (full 2):
 PSYoungGen      total 339968K, used 33385K [0x000000076af00000, 0x0000000789900000, 0x00000007c0000000)
  eden space 297984K, 0% used [0x000000076af00000,0x000000076af00000,0x000000077d200000)
  from space 41984K, 79% used [0x000000077d200000,0x000000077f29a6b8,0x000000077fb00000)
  to   space 45056K, 0% used [0x0000000786d00000,0x0000000786d00000,0x0000000789900000)
 ParOldGen       total 119296K, used 45163K [0x00000006c0c00000, 0x00000006c8080000, 0x000000076af00000)
  object space 119296K, 37% used [0x00000006c0c00000,0x00000006c381acf8,0x00000006c8080000)
 Metaspace       used 34598K, capacity 35188K, committed 35496K, reserved 1081344K
  class space    used 4081K, capacity 4266K, committed 4272K, reserved 1048576K
Event: 5.609 GC heap after
Heap after GC invocations=11 (full 2):
 PSYoungGen      total 339968K, used 0K [0x000000076af00000, 0x0000000789900000, 0x00000007c0000000)
  eden space 297984K, 0% used [0x000000076af00000,0x000000076af00000,0x000000077d200000)
  from space 41984K, 0% used [0x000000077d200000,0x000000077d200000,0x000000077fb00000)
  to   space 45056K, 0% used [0x0000000786d00000,0x0000000786d00000,0x0000000789900000)
 ParOldGen       total 196608K, used 49686K [0x00000006c0c00000, 0x00000006ccc00000, 0x000000076af00000)
  object space 196608K, 25% used [0x00000006c0c00000,0x00000006c3c85940,0x00000006ccc00000)
 Metaspace       used 34598K, capacity 35188K, committed 35496K, reserved 1081344K
  class space    used 4081K, capacity 4266K, committed 4272K, reserved 1048576K
}
Event: 6.452 GC heap before
{Heap before GC invocations=12 (full 2):
 PSYoungGen      total 339968K, used 297984K [0x000000076af00000, 0x0000000789900000, 0x00000007c0000000)
  eden space 297984K, 100% used [0x000000076af00000,0x000000077d200000,0x000000077d200000)
  from space 41984K, 0% used [0x000000077d200000,0x000000077d200000,0x000000077fb00000)
  to   space 45056K, 0% used [0x0000000786d00000,0x0000000786d00000,0x0000000789900000)
 ParOldGen       total 196608K, used 49686K [0x00000006c0c00000, 0x00000006ccc00000, 0x000000076af00000)
  object space 196608K, 25% used [0x00000006c0c00000,0x00000006c3c85940,0x00000006ccc00000)
 Metaspace       used 38171K, capacity 38798K, committed 39336K, reserved 1083392K
  class space    used 4450K, capacity 4665K, committed 4784K, reserved 1048576K
Event: 6.457 GC heap after
Heap after GC invocations=12 (full 2):
 PSYoungGen      total 445440K, used 6669K [0x000000076af00000, 0x0000000789400000, 0x00000007c0000000)
  eden space 405504K, 0% used [0x000000076af00000,0x000000076af00000,0x0000000783b00000)
  from space 39936K, 16% used [0x0000000786d00000,0x0000000787383570,0x0000000789400000)
  to   space 45568K, 0% used [0x0000000783b00000,0x0000000783b00000,0x0000000786780000)
 ParOldGen       total 196608K, used 49694K [0x00000006c0c00000, 0x00000006ccc00000, 0x000000076af00000)
  object space 196608K, 25% used [0x00000006c0c00000,0x00000006c3c87940,0x00000006ccc00000)
 Metaspace       used 38171K, capacity 38798K, committed 39336K, reserved 1083392K
  class space    used 4450K, capacity 4665K, committed 4784K, reserved 1048576K
}

Deoptimization events (10 events):
Event: 18.948 Thread 0x0000000027cfb800 Uncommon trap: reason=unstable_if action=reinterpret pc=0x00000000041f2efc method=org.apache.ibatis.reflection.Reflector.addUniqueMethods(Ljava/util/Map;[Ljava/lang/reflect/Method;)V @ 27
Event: 18.951 Thread 0x0000000027cfb800 Uncommon trap: reason=unstable_if action=reinterpret pc=0x0000000004249d84 method=org.apache.ibatis.reflection.property.PropertyNamer.methodToProperty(Ljava/lang/String;)Ljava/lang/String; @ 24
Event: 18.951 Thread 0x0000000027cfb800 Uncommon trap: reason=unstable_if action=reinterpret pc=0x0000000004239814 method=org.apache.ibatis.reflection.invoker.MethodInvoker.<init>(Ljava/lang/reflect/Method;)V @ 15
Event: 26.292 Thread 0x0000000027d03000 Uncommon trap: reason=bimorphic action=maybe_recompile pc=0x0000000004516050 method=java.util.Collections$UnmodifiableMap$UnmodifiableEntrySet$1.hasNext()Z @ 4
Event: 26.292 Thread 0x0000000027d03000 Uncommon trap: reason=class_check action=maybe_recompile pc=0x000000000356fac8 method=java.util.Collections$UnmodifiableMap$UnmodifiableEntrySet$1.next()Ljava/util/Map$Entry; @ 8
Event: 26.292 Thread 0x0000000027d03000 Uncommon trap: reason=class_check action=maybe_recompile pc=0x000000000364692c method=java.util.Collections$UnmodifiableMap$UnmodifiableEntrySet$UnmodifiableEntry.getValue()Ljava/lang/Object; @ 4
Event: 26.292 Thread 0x0000000027d03000 Uncommon trap: reason=class_check action=maybe_recompile pc=0x000000000356fac8 method=java.util.Collections$UnmodifiableMap$UnmodifiableEntrySet$1.next()Ljava/util/Map$Entry; @ 8
Event: 26.292 Thread 0x0000000027d03000 Uncommon trap: reason=class_check action=maybe_recompile pc=0x000000000364692c method=java.util.Collections$UnmodifiableMap$UnmodifiableEntrySet$UnmodifiableEntry.getValue()Ljava/lang/Object; @ 4
Event: 26.292 Thread 0x0000000027d03000 Uncommon trap: reason=bimorphic action=maybe_recompile pc=0x000000000456c538 method=java.util.regex.Matcher.search(I)Z @ 86
Event: 26.292 Thread 0x0000000027d03000 Uncommon trap: reason=bimorphic action=maybe_recompile pc=0x000000000456c538 method=java.util.regex.Matcher.search(I)Z @ 86

Internal exceptions (10 events):
Event: 4087.180 Thread 0x0000000027cfd000 Exception <a 'java/lang/NullPointerException'> (0x000000077a9eeb28) thrown at [C:\re\workspace\8-2-build-windows-amd64-cygwin\jdk8u141\9370\hotspot\src\share\vm\interpreter\linkResolver.cpp, line 1197]
Event: 4087.180 Thread 0x0000000027cfe800 Exception <a 'java/lang/NullPointerException'> (0x0000000781285518) thrown at [C:\re\workspace\8-2-build-windows-amd64-cygwin\jdk8u141\9370\hotspot\src\share\vm\interpreter\linkResolver.cpp, line 1197]
Event: 4147.181 Thread 0x0000000027cfd000 Exception <a 'java/lang/NullPointerException'> (0x000000077a9f20a0) thrown at [C:\re\workspace\8-2-build-windows-amd64-cygwin\jdk8u141\9370\hotspot\src\share\vm\interpreter\linkResolver.cpp, line 1197]
Event: 4147.181 Thread 0x0000000027cfe800 Exception <a 'java/lang/NullPointerException'> (0x0000000781288a90) thrown at [C:\re\workspace\8-2-build-windows-amd64-cygwin\jdk8u141\9370\hotspot\src\share\vm\interpreter\linkResolver.cpp, line 1197]
Event: 4207.183 Thread 0x0000000027cfd000 Exception <a 'java/lang/NullPointerException'> (0x000000077a9f5618) thrown at [C:\re\workspace\8-2-build-windows-amd64-cygwin\jdk8u141\9370\hotspot\src\share\vm\interpreter\linkResolver.cpp, line 1197]
Event: 4207.184 Thread 0x0000000027cfe800 Exception <a 'java/lang/NullPointerException'> (0x000000078128c008) thrown at [C:\re\workspace\8-2-build-windows-amd64-cygwin\jdk8u141\9370\hotspot\src\share\vm\interpreter\linkResolver.cpp, line 1197]
Event: 4267.184 Thread 0x0000000027cfd000 Exception <a 'java/lang/NullPointerException'> (0x000000077a9f8b90) thrown at [C:\re\workspace\8-2-build-windows-amd64-cygwin\jdk8u141\9370\hotspot\src\share\vm\interpreter\linkResolver.cpp, line 1197]
Event: 4267.184 Thread 0x0000000027cfe800 Exception <a 'java/lang/NullPointerException'> (0x000000078128f580) thrown at [C:\re\workspace\8-2-build-windows-amd64-cygwin\jdk8u141\9370\hotspot\src\share\vm\interpreter\linkResolver.cpp, line 1197]
Event: 4327.185 Thread 0x0000000027cfd000 Exception <a 'java/lang/NullPointerException'> (0x000000077a9fc108) thrown at [C:\re\workspace\8-2-build-windows-amd64-cygwin\jdk8u141\9370\hotspot\src\share\vm\interpreter\linkResolver.cpp, line 1197]
Event: 4327.185 Thread 0x0000000027cfe800 Exception <a 'java/lang/NullPointerException'> (0x0000000781292c40) thrown at [C:\re\workspace\8-2-build-windows-amd64-cygwin\jdk8u141\9370\hotspot\src\share\vm\interpreter\linkResolver.cpp, line 1197]

Events (10 events):
Event: 4267.184 Executing VM operation: RevokeBias done
Event: 4297.433 Thread 0x000000001e22a800 flushing nmethod 0x00000000040dc510
Event: 4297.434 Thread 0x000000001e22a800 flushing nmethod 0x000000000425eed0
Event: 4327.184 Executing VM operation: RevokeBias
Event: 4327.184 Executing VM operation: RevokeBias done
Event: 4327.184 Executing VM operation: RevokeBias
Event: 4327.185 Executing VM operation: RevokeBias done
Event: 4387.634 Thread 0x000000001e22d800 flushing nmethod 0x00000000045cb250
Event: 4387.634 Thread 0x000000001e22d800 flushing nmethod 0x00000000045ce750
Event: 4396.671 Thread 0x000000001e1c1800 Thread exited: 0x000000001e1c1800


Dynamic libraries:
0x00007ff67c8d0000 - 0x00007ff67c907000 	D:\soft\JDK8\jdk1.8-64\bin\java.exe
0x00007ffb03cb0000 - 0x00007ffb03e91000 	C:\Windows\SYSTEM32\ntdll.dll
0x00007ffb03b10000 - 0x00007ffb03bc2000 	C:\Windows\System32\KERNEL32.DLL
0x00007ffb00ea0000 - 0x00007ffb01113000 	C:\Windows\System32\KERNELBASE.dll
0x00007ffb02c50000 - 0x00007ffb02cf1000 	C:\Windows\System32\ADVAPI32.dll
0x00007ffb03a70000 - 0x00007ffb03b0e000 	C:\Windows\System32\msvcrt.dll
0x00007ffb03650000 - 0x00007ffb036ab000 	C:\Windows\System32\sechost.dll
0x00007ffb033d0000 - 0x00007ffb034f4000 	C:\Windows\System32\RPCRT4.dll
0x00007ffb03710000 - 0x00007ffb038a0000 	C:\Windows\System32\USER32.dll
0x00007ffb01120000 - 0x00007ffb01140000 	C:\Windows\System32\win32u.dll
0x00007ffb02d00000 - 0x00007ffb02d28000 	C:\Windows\System32\GDI32.dll
0x00007ffb002a0000 - 0x00007ffb00432000 	C:\Windows\System32\gdi32full.dll
0x00007ffb00180000 - 0x00007ffb0021f000 	C:\Windows\System32\msvcp_win.dll
0x00007ffb00080000 - 0x00007ffb0017a000 	C:\Windows\System32\ucrtbase.dll
0x00007ffaf2020000 - 0x00007ffaf2289000 	C:\Windows\WinSxS\amd64_microsoft.windows.common-controls_6595b64144ccf1df_6.0.17134.228_none_fb4599993062b194\COMCTL32.dll
0x00007ffb02e90000 - 0x00007ffb031b3000 	C:\Windows\System32\combase.dll
0x00007ffb00220000 - 0x00007ffb0029a000 	C:\Windows\System32\bcryptPrimitives.dll
0x00007ffb03a40000 - 0x00007ffb03a6d000 	C:\Windows\System32\IMM32.DLL
0x0000000076df0000 - 0x0000000076ec2000 	D:\soft\JDK8\jdk1.8-64\jre\bin\msvcr100.dll
0x0000000076550000 - 0x0000000076ded000 	D:\soft\JDK8\jdk1.8-64\jre\bin\server\jvm.dll
0x00007ffb03a30000 - 0x00007ffb03a38000 	C:\Windows\System32\PSAPI.DLL
0x00007ffafb930000 - 0x00007ffafb93a000 	C:\Windows\SYSTEM32\VERSION.dll
0x00007ffafe2e0000 - 0x00007ffafe303000 	C:\Windows\SYSTEM32\WINMM.dll
0x00007ffaf95a0000 - 0x00007ffaf95a9000 	C:\Windows\SYSTEM32\WSOCK32.dll
0x00007ffb03340000 - 0x00007ffb033ac000 	C:\Windows\System32\WS2_32.dll
0x00007ffafe170000 - 0x00007ffafe19a000 	C:\Windows\SYSTEM32\WINMMBASE.dll
0x00007ffb00bb0000 - 0x00007ffb00bf9000 	C:\Windows\System32\cfgmgr32.dll
0x00000000500b0000 - 0x00000000500bf000 	D:\soft\JDK8\jdk1.8-64\jre\bin\verify.dll
0x0000000050080000 - 0x00000000500a9000 	D:\soft\JDK8\jdk1.8-64\jre\bin\java.dll
0x0000000077970000 - 0x00000000779a5000 	D:\soft\JDK8\jdk1.8-64\jre\bin\jdwp.dll
0x0000000077960000 - 0x0000000077968000 	D:\soft\JDK8\jdk1.8-64\jre\bin\npt.dll
0x0000000077930000 - 0x0000000077953000 	D:\soft\JDK8\jdk1.8-64\jre\bin\instrument.dll
0x0000000050060000 - 0x0000000050076000 	D:\soft\JDK8\jdk1.8-64\jre\bin\zip.dll
0x00007ffb01140000 - 0x00007ffb02580000 	C:\Windows\System32\SHELL32.dll
0x00007ffb03bd0000 - 0x00007ffb03c79000 	C:\Windows\System32\shcore.dll
0x00007ffb00440000 - 0x00007ffb00b4d000 	C:\Windows\System32\windows.storage.dll
0x00007ffb036b0000 - 0x00007ffb03701000 	C:\Windows\System32\shlwapi.dll
0x00007ffb00010000 - 0x00007ffb00021000 	C:\Windows\System32\kernel.appcore.dll
0x00007ffafffd0000 - 0x00007ffafffef000 	C:\Windows\System32\profapi.dll
0x00007ffb00030000 - 0x00007ffb0007c000 	C:\Windows\System32\powrprof.dll
0x00007ffafffc0000 - 0x00007ffafffca000 	C:\Windows\System32\FLTLIB.DLL
0x0000000077920000 - 0x0000000077929000 	D:\soft\JDK8\jdk1.8-64\jre\bin\dt_socket.dll
0x00007ffaf50a0000 - 0x00007ffaf5194000 	C:\Users\Shuqian\AppData\Roaming\Netease\UU\uu_lsp64.dll
0x00007ffb00c00000 - 0x00007ffb00de2000 	C:\Windows\System32\CRYPT32.dll
0x00007ffaffff0000 - 0x00007ffb00002000 	C:\Windows\System32\MSASN1.dll
0x00007ffaff560000 - 0x00007ffaff598000 	C:\Windows\SYSTEM32\IPHLPAPI.DLL
0x00007ffaff7e0000 - 0x00007ffaff846000 	C:\Windows\system32\mswsock.dll
0x0000000050030000 - 0x000000005004a000 	D:\soft\JDK8\jdk1.8-64\jre\bin\net.dll
0x0000000050010000 - 0x0000000050021000 	D:\soft\JDK8\jdk1.8-64\jre\bin\nio.dll
0x00007ffaff990000 - 0x00007ffaff9a7000 	C:\Windows\SYSTEM32\CRYPTSP.dll
0x00007ffaff3c0000 - 0x00007ffaff3f3000 	C:\Windows\system32\rsaenh.dll
0x00007ffaffac0000 - 0x00007ffaffae5000 	C:\Windows\SYSTEM32\bcrypt.dll
0x00007ffaffef0000 - 0x00007ffafff18000 	C:\Windows\SYSTEM32\USERENV.dll
0x00007ffaff9b0000 - 0x00007ffaff9bb000 	C:\Windows\SYSTEM32\CRYPTBASE.dll
0x00007ffb03570000 - 0x00007ffb03578000 	C:\Windows\System32\NSI.dll
0x00007ffafad20000 - 0x00007ffafad36000 	C:\Windows\SYSTEM32\dhcpcsvc6.DLL
0x00007ffafac00000 - 0x00007ffafac1a000 	C:\Windows\SYSTEM32\dhcpcsvc.DLL
0x0000000050050000 - 0x000000005005d000 	D:\soft\JDK8\jdk1.8-64\jre\bin\management.dll
0x00007ffaf86d0000 - 0x00007ffaf86e6000 	C:\Windows\system32\napinsp.dll
0x00007ffaf1c40000 - 0x00007ffaf1c5a000 	C:\Windows\system32\pnrpnsp.dll
0x00007ffafcb20000 - 0x00007ffafcb39000 	C:\Windows\system32\NLAapi.dll
0x00007ffaff5a0000 - 0x00007ffaff65e000 	C:\Windows\SYSTEM32\DNSAPI.dll
0x00007ffaf9590000 - 0x00007ffaf959e000 	C:\Windows\System32\winrnr.dll
0x00007ffaf9930000 - 0x00007ffaf993a000 	C:\Windows\System32\rasadhlp.dll
0x00007ffafaaf0000 - 0x00007ffafab62000 	C:\Windows\System32\fwpuclnt.dll
0x00007ffaf28d0000 - 0x00007ffaf2a99000 	C:\Windows\SYSTEM32\dbghelp.dll

VM Arguments:
jvm_args: -agentlib:jdwp=transport=dt_socket,address=127.0.0.1:51883,suspend=y,server=n -Dmaven.multiModuleProjectDirectory=D:\IdeaProject\youpinke\pinyougou-service\pinyougou-user-service -DarchetypeCatalog=internal -Dmaven.home=D:\soft\apache-maven-3.3.9 -Dclassworlds.conf=D:\soft\apache-maven-3.3.9\bin\m2.conf -javaagent:C:\Users\Shuqian\.IntelliJIdea2017.3\system\captureAgent\debugger-agent.jar=C:\Users\Shuqian\AppData\Local\Temp\capture6052.props -Dfile.encoding=UTF-8 
java_command: org.codehaus.classworlds.Launcher -Didea.version=2017.3.2 -s D:\soft\apache-maven-3.3.9\conf\settings.xml tomcat7:run
java_class_path (initial): D:\soft\apache-maven-3.3.9\boot\plexus-classworlds-2.5.2.jar;D:\soft\IntelliJ IDEA 2017.3.2\lib\idea_rt.jar;C:\Users\Shuqian\.IntelliJIdea2017.3\system\captureAgent\debugger-agent.jar
Launcher Type: SUN_STANDARD

Environment Variables:
JAVA_HOME=D:\soft\JDK8\jdk1.8-64
PATH=C:\Windows\system32;C:\Windows;C:\Windows\System32\Wbem;C:\Windows\System32\WindowsPowerShell\v1.0\;C:\Windows\System32\OpenSSH\;C:\Program Files (x86)\NVIDIA Corporation\PhysX\Common;D:\soft\Git\cmd;D:\soft\MySqlServer\bin;D:\soft\tortoiseGit\bin;D:\soft\JDK8\jdk1.8-64\bin;D:\soft\JDK8\jdk1.8-64\bin;C:\Users\Shuqian\AppData\Local\Microsoft\WindowsApps;C:\Users\Shuqian\AppData\Local\GitHubDesktop\bin;D:\soft\apache-maven-3.3.9\bin;
USERNAME=Shuqian
OS=Windows_NT
PROCESSOR_IDENTIFIER=AMD64 Family 23 Model 8 Stepping 2, AuthenticAMD



---------------  S Y S T E M  ---------------

OS: Windows 10.0 , 64 bit Build 17134 (10.0.17134.1)

CPU:total 12 (initial active 12) (12 cores per cpu, 1 threads per core) family 23 model 8 stepping 2, cmov, cx8, fxsr, mmx, sse, sse2, sse3, ssse3, sse4.1, sse4.2, popcnt, avx, avx2, aes, clmul, mmxext, 3dnowpref, lzcnt, sse4a, tsc, tscinvbit, tscinv, bmi1

Memory: 4k page, physical 16727068k(10569780k free), swap 24160620k(3782740k free)

vm_info: Java HotSpot(TM) 64-Bit Server VM (25.141-b15) for windows-amd64 JRE (1.8.0_141-b15), built on Jul 12 2017 04:25:12 by "java_re" with MS VC++ 10.0 (VS2010)

time: Wed Mar 27 19:06:51 2019
elapsed time: 4396 seconds (0d 1h 13m 16s)

